This is pdfTeX, Version 3.14159265-2.6-1.40.20 (TeX Live 2019) (preloaded format=pdflatex 2019.5.8)  1 JUN 2020 17:03
entering extended mode
 restricted \write18 enabled.
 %&-line parsing enabled.
**Notes.tex
(./Notes.tex
LaTeX2e <2018-12-01>
(/usr/local/texlive/2019/texmf-dist/tex/latex/base/article.cls
Document Class: article 2018/09/03 v1.4i Standard LaTeX document class
(/usr/local/texlive/2019/texmf-dist/tex/latex/base/size10.clo
File: size10.clo 2018/09/03 v1.4i Standard LaTeX file (size option)
)
\c@part=\count80
\c@section=\count81
\c@subsection=\count82
\c@subsubsection=\count83
\c@paragraph=\count84
\c@subparagraph=\count85
\c@figure=\count86
\c@table=\count87
\abovecaptionskip=\skip41
\belowcaptionskip=\skip42
\bibindent=\dimen102
)
(/usr/local/texlive/2019/texmf-dist/tex/latex/mathtools/mathtools.sty
Package: mathtools 2018/01/08 v1.21 mathematical typesetting tools

(/usr/local/texlive/2019/texmf-dist/tex/latex/graphics/keyval.sty
Package: keyval 2014/10/28 v1.15 key=value parser (DPC)
\KV@toks@=\toks14
)
(/usr/local/texlive/2019/texmf-dist/tex/latex/tools/calc.sty
Package: calc 2017/05/25 v4.3 Infix arithmetic (KKT,FJ)
\calc@Acount=\count88
\calc@Bcount=\count89
\calc@Adimen=\dimen103
\calc@Bdimen=\dimen104
\calc@Askip=\skip43
\calc@Bskip=\skip44
LaTeX Info: Redefining \setlength on input line 80.
LaTeX Info: Redefining \addtolength on input line 81.
\calc@Ccount=\count90
\calc@Cskip=\skip45
)
(/usr/local/texlive/2019/texmf-dist/tex/latex/mathtools/mhsetup.sty
Package: mhsetup 2017/03/31 v1.3 programming setup (MH)
)
(/usr/local/texlive/2019/texmf-dist/tex/latex/amsmath/amsmath.sty
Package: amsmath 2018/12/01 v2.17b AMS math features
\@mathmargin=\skip46

For additional information on amsmath, use the `?' option.
(/usr/local/texlive/2019/texmf-dist/tex/latex/amsmath/amstext.sty
Package: amstext 2000/06/29 v2.01 AMS text

(/usr/local/texlive/2019/texmf-dist/tex/latex/amsmath/amsgen.sty
File: amsgen.sty 1999/11/30 v2.0 generic functions
\@emptytoks=\toks15
\ex@=\dimen105
))
(/usr/local/texlive/2019/texmf-dist/tex/latex/amsmath/amsbsy.sty
Package: amsbsy 1999/11/29 v1.2d Bold Symbols
\pmbraise@=\dimen106
)
(/usr/local/texlive/2019/texmf-dist/tex/latex/amsmath/amsopn.sty
Package: amsopn 2016/03/08 v2.02 operator names
)
\inf@bad=\count91
LaTeX Info: Redefining \frac on input line 223.
\uproot@=\count92
\leftroot@=\count93
LaTeX Info: Redefining \overline on input line 385.
\classnum@=\count94
\DOTSCASE@=\count95
LaTeX Info: Redefining \ldots on input line 482.
LaTeX Info: Redefining \dots on input line 485.
LaTeX Info: Redefining \cdots on input line 606.
\Mathstrutbox@=\box27
\strutbox@=\box28
\big@size=\dimen107
LaTeX Font Info:    Redeclaring font encoding OML on input line 729.
LaTeX Font Info:    Redeclaring font encoding OMS on input line 730.
\macc@depth=\count96
\c@MaxMatrixCols=\count97
\dotsspace@=\muskip10
\c@parentequation=\count98
\dspbrk@lvl=\count99
\tag@help=\toks16
\row@=\count100
\column@=\count101
\maxfields@=\count102
\andhelp@=\toks17
\eqnshift@=\dimen108
\alignsep@=\dimen109
\tagshift@=\dimen110
\tagwidth@=\dimen111
\totwidth@=\dimen112
\lineht@=\dimen113
\@envbody=\toks18
\multlinegap=\skip47
\multlinetaggap=\skip48
\mathdisplay@stack=\toks19
LaTeX Info: Redefining \[ on input line 2844.
LaTeX Info: Redefining \] on input line 2845.
)
LaTeX Info: Thecontrolsequence`\('isalreadyrobust on input line 129.
LaTeX Info: Thecontrolsequence`\)'isalreadyrobust on input line 129.
LaTeX Info: Thecontrolsequence`\['isalreadyrobust on input line 129.
LaTeX Info: Thecontrolsequence`\]'isalreadyrobust on input line 129.
\g_MT_multlinerow_int=\count103
\l_MT_multwidth_dim=\dimen114
\origjot=\skip49
\l_MT_shortvdotswithinadjustabove_dim=\dimen115
\l_MT_shortvdotswithinadjustbelow_dim=\dimen116
\l_MT_above_intertext_sep=\dimen117
\l_MT_below_intertext_sep=\dimen118
\l_MT_above_shortintertext_sep=\dimen119
\l_MT_below_shortintertext_sep=\dimen120
)
(/usr/local/texlive/2019/texmf-dist/tex/latex/enumitem/enumitem.sty
Package: enumitem 2019/02/04 v3.8 Customized lists
\labelindent=\skip50
\enit@outerparindent=\dimen121
\enit@toks=\toks20
\enit@inbox=\box29
\enit@count@id=\count104
\enitdp@description=\count105
)
(/usr/local/texlive/2019/texmf-dist/tex/latex/listings/listings.sty
\lst@mode=\count106
\lst@gtempboxa=\box30
\lst@token=\toks21
\lst@length=\count107
\lst@currlwidth=\dimen122
\lst@column=\count108
\lst@pos=\count109
\lst@lostspace=\dimen123
\lst@width=\dimen124
\lst@newlines=\count110
\lst@lineno=\count111
\lst@maxwidth=\dimen125

(/usr/local/texlive/2019/texmf-dist/tex/latex/listings/lstmisc.sty
File: lstmisc.sty 2019/02/27 1.8b (Carsten Heinz)
\c@lstnumber=\count112
\lst@skipnumbers=\count113
\lst@framebox=\box31
)
(/usr/local/texlive/2019/texmf-dist/tex/latex/listings/listings.cfg
File: listings.cfg 2019/02/27 1.8b listings configuration
))
Package: listings 2019/02/27 1.8b (Carsten Heinz)

(/usr/local/texlive/2019/texmf-dist/tex/latex/graphics/color.sty
Package: color 2016/07/10 v1.1e Standard LaTeX Color (DPC)

(/usr/local/texlive/2019/texmf-dist/tex/latex/graphics-cfg/color.cfg
File: color.cfg 2016/01/02 v1.6 sample color configuration
)
Package color Info: Driver file: pdftex.def on input line 147.

(/usr/local/texlive/2019/texmf-dist/tex/latex/graphics-def/pdftex.def
File: pdftex.def 2018/01/08 v1.0l Graphics/color driver for pdftex
))
(/usr/local/texlive/2019/texmf-dist/tex/latex/graphics/graphicx.sty
Package: graphicx 2017/06/01 v1.1a Enhanced LaTeX Graphics (DPC,SPQR)

(/usr/local/texlive/2019/texmf-dist/tex/latex/graphics/graphics.sty
Package: graphics 2017/06/25 v1.2c Standard LaTeX Graphics (DPC,SPQR)

(/usr/local/texlive/2019/texmf-dist/tex/latex/graphics/trig.sty
Package: trig 2016/01/03 v1.10 sin cos tan (DPC)
)
(/usr/local/texlive/2019/texmf-dist/tex/latex/graphics-cfg/graphics.cfg
File: graphics.cfg 2016/06/04 v1.11 sample graphics configuration
)
Package graphics Info: Driver file: pdftex.def on input line 99.
)
\Gin@req@height=\dimen126
\Gin@req@width=\dimen127
)
(/usr/local/texlive/2019/texmf-dist/tex/latex/geometry/geometry.sty
Package: geometry 2018/04/16 v5.8 Page Geometry

(/usr/local/texlive/2019/texmf-dist/tex/generic/oberdiek/ifpdf.sty
Package: ifpdf 2018/09/07 v3.3 Provides the ifpdf switch
)
(/usr/local/texlive/2019/texmf-dist/tex/generic/oberdiek/ifvtex.sty
Package: ifvtex 2016/05/16 v1.6 Detect VTeX and its facilities (HO)
Package ifvtex Info: VTeX not detected.
)
(/usr/local/texlive/2019/texmf-dist/tex/generic/ifxetex/ifxetex.sty
Package: ifxetex 2010/09/12 v0.6 Provides ifxetex conditional
)
\Gm@cnth=\count114
\Gm@cntv=\count115
\c@Gm@tempcnt=\count116
\Gm@bindingoffset=\dimen128
\Gm@wd@mp=\dimen129
\Gm@odd@mp=\dimen130
\Gm@even@mp=\dimen131
\Gm@layoutwidth=\dimen132
\Gm@layoutheight=\dimen133
\Gm@layouthoffset=\dimen134
\Gm@layoutvoffset=\dimen135
\Gm@dimlist=\toks22
)
(/usr/local/texlive/2019/texmf-dist/tex/latex/listings/lstlang1.sty
File: lstlang1.sty 2019/02/27 1.8b listings language file
)
(./Notes.aux)
\openout1 = `Notes.aux'.

LaTeX Font Info:    Checking defaults for OML/cmm/m/it on input line 39.
LaTeX Font Info:    ... okay on input line 39.
LaTeX Font Info:    Checking defaults for T1/cmr/m/n on input line 39.
LaTeX Font Info:    ... okay on input line 39.
LaTeX Font Info:    Checking defaults for OT1/cmr/m/n on input line 39.
LaTeX Font Info:    ... okay on input line 39.
LaTeX Font Info:    Checking defaults for OMS/cmsy/m/n on input line 39.
LaTeX Font Info:    ... okay on input line 39.
LaTeX Font Info:    Checking defaults for OMX/cmex/m/n on input line 39.
LaTeX Font Info:    ... okay on input line 39.
LaTeX Font Info:    Checking defaults for U/cmr/m/n on input line 39.
LaTeX Font Info:    ... okay on input line 39.
\c@lstlisting=\count117

(/usr/local/texlive/2019/texmf-dist/tex/context/base/mkii/supp-pdf.mkii
[Loading MPS to PDF converter (version 2006.09.02).]
\scratchcounter=\count118
\scratchdimen=\dimen136
\scratchbox=\box32
\nofMPsegments=\count119
\nofMParguments=\count120
\everyMPshowfont=\toks23
\MPscratchCnt=\count121
\MPscratchDim=\dimen137
\MPnumerator=\count122
\makeMPintoPDFobject=\count123
\everyMPtoPDFconversion=\toks24
) (/usr/local/texlive/2019/texmf-dist/tex/latex/oberdiek/epstopdf-base.sty
Package: epstopdf-base 2016/05/15 v2.6 Base part for package epstopdf

(/usr/local/texlive/2019/texmf-dist/tex/generic/oberdiek/infwarerr.sty
Package: infwarerr 2016/05/16 v1.4 Providing info/warning/error messages (HO)
)
(/usr/local/texlive/2019/texmf-dist/tex/latex/oberdiek/grfext.sty
Package: grfext 2016/05/16 v1.2 Manage graphics extensions (HO)

(/usr/local/texlive/2019/texmf-dist/tex/generic/oberdiek/kvdefinekeys.sty
Package: kvdefinekeys 2016/05/16 v1.4 Define keys (HO)

(/usr/local/texlive/2019/texmf-dist/tex/generic/oberdiek/ltxcmds.sty
Package: ltxcmds 2016/05/16 v1.23 LaTeX kernel commands for general use (HO)
)))
(/usr/local/texlive/2019/texmf-dist/tex/latex/oberdiek/kvoptions.sty
Package: kvoptions 2016/05/16 v3.12 Key value format for package options (HO)

(/usr/local/texlive/2019/texmf-dist/tex/generic/oberdiek/kvsetkeys.sty
Package: kvsetkeys 2016/05/16 v1.17 Key value parser (HO)

(/usr/local/texlive/2019/texmf-dist/tex/generic/oberdiek/etexcmds.sty
Package: etexcmds 2016/05/16 v1.6 Avoid name clashes with e-TeX commands (HO)

(/usr/local/texlive/2019/texmf-dist/tex/generic/oberdiek/ifluatex.sty
Package: ifluatex 2016/05/16 v1.4 Provides the ifluatex switch (HO)
Package ifluatex Info: LuaTeX not detected.
))))
(/usr/local/texlive/2019/texmf-dist/tex/generic/oberdiek/pdftexcmds.sty
Package: pdftexcmds 2018/09/10 v0.29 Utility functions of pdfTeX for LuaTeX (HO
)
Package pdftexcmds Info: LuaTeX not detected.
Package pdftexcmds Info: \pdf@primitive is available.
Package pdftexcmds Info: \pdf@ifprimitive is available.
Package pdftexcmds Info: \pdfdraftmode found.
)
Package epstopdf-base Info: Redefining graphics rule for `.eps' on input line 4
38.
Package grfext Info: Graphics extension search list:
(grfext)             [.pdf,.png,.jpg,.mps,.jpeg,.jbig2,.jb2,.PDF,.PNG,.JPG,.JPE
G,.JBIG2,.JB2,.eps]
(grfext)             \AppendGraphicsExtensions on input line 456.

(/usr/local/texlive/2019/texmf-dist/tex/latex/latexconfig/epstopdf-sys.cfg
File: epstopdf-sys.cfg 2010/07/13 v1.3 Configuration of (r)epstopdf for TeX Liv
e
))
*geometry* driver: auto-detecting
*geometry* detected driver: pdftex
*geometry* verbose mode - [ preamble ] result:
* driver: pdftex
* paper: <default>
* layout: <same size as paper>
* layoutoffset:(h,v)=(0.0pt,0.0pt)
* modes: 
* h-part:(L,W,R)=(50.58878pt, 513.11745pt, 50.58878pt)
* v-part:(T,H,B)=(36.135pt, 663.43762pt, 95.39737pt)
* \paperwidth=614.295pt
* \paperheight=794.96999pt
* \textwidth=513.11745pt
* \textheight=663.43762pt
* \oddsidemargin=-21.68121pt
* \evensidemargin=-21.68121pt
* \topmargin=-48.135pt
* \headheight=12.0pt
* \headsep=0.0pt
* \topskip=10.0pt
* \footskip=30.0pt
* \marginparwidth=65.0pt
* \marginparsep=11.0pt
* \columnsep=10.0pt
* \skip\footins=9.0pt plus 4.0pt minus 2.0pt
* \hoffset=0.0pt
* \voffset=0.0pt
* \mag=1000
* \@twocolumnfalse
* \@twosidefalse
* \@mparswitchfalse
* \@reversemarginfalse
* (1in=72.27pt=25.4mm, 1cm=28.453pt)

(./Notes.toc)
\tf@toc=\write3
\openout3 = `Notes.toc'.

 [1

{/usr/local/texlive/2019/texmf-var/fonts/map/pdftex/updmap/pdftex.map}]
Underfull \hbox (badness 10000) in paragraph at lines 54--57

 []


Underfull \hbox (badness 10000) in paragraph at lines 54--57

 []

LaTeX Font Info:    Try loading font information for OMS+cmr on input line 58.
(/usr/local/texlive/2019/texmf-dist/tex/latex/base/omscmr.fd
File: omscmr.fd 2014/09/29 v2.5h Standard LaTeX font definitions
)
LaTeX Font Info:    Font shape `OMS/cmr/m/n' in size <10> not available
(Font)              Font shape `OMS/cmsy/m/n' tried instead on input line 58.
<./assets/Fig_2.png, id=11, 1176.395pt x 594.22pt>
File: ./assets/Fig_2.png Graphic file (type png)
<use ./assets/Fig_2.png>
Package pdftex.def Info: ./assets/Fig_2.png  used on input line 68.
(pdftex.def)             Requested size: 513.11745pt x 259.18178pt.
 [2 <./assets/Fig_2.png>]
Underfull \hbox (badness 10000) in paragraph at lines 71--74

 []


Underfull \hbox (badness 10000) in paragraph at lines 71--74

 []


Underfull \hbox (badness 10000) in paragraph at lines 76--77

 []

<./assets/Fig_3.png, id=19, 1192.455pt x 477.785pt>
File: ./assets/Fig_3.png Graphic file (type png)
<use ./assets/Fig_3.png>
Package pdftex.def Info: ./assets/Fig_3.png  used on input line 79.
(pdftex.def)             Requested size: 513.11745pt x 205.58934pt.

Underfull \hbox (badness 10000) in paragraph at lines 78--82

 []

<./assets/Fig_4.png, id=20, 1184.425pt x 428.60126pt>
File: ./assets/Fig_4.png Graphic file (type png)
<use ./assets/Fig_4.png>
Package pdftex.def Info: ./assets/Fig_4.png  used on input line 86.
(pdftex.def)             Requested size: 513.11745pt x 185.68141pt.
[3 <./assets/Fig_3.png> <./assets/Fig_4.png>]
Underfull \hbox (badness 10000) in paragraph at lines 96--102

 []


Underfull \hbox (badness 10000) in paragraph at lines 109--110

 []

<./assets/Fig_6.png, id=26, 971.63pt x 433.62pt>
File: ./assets/Fig_6.png Graphic file (type png)
<use ./assets/Fig_6.png>
Package pdftex.def Info: ./assets/Fig_6.png  used on input line 117.
(pdftex.def)             Requested size: 513.11745pt x 228.99043pt.

Underfull \hbox (badness 10000) in paragraph at lines 128--129

 []

[4 <./assets/Fig_6.png>]
Underfull \hbox (badness 10000) in paragraph at lines 149--150

 []


Underfull \hbox (badness 10000) in paragraph at lines 174--175

 []


Underfull \hbox (badness 10000) in paragraph at lines 188--189

 []

[5]
Underfull \hbox (badness 10000) in paragraph at lines 215--217

 []

[6]
<./assets/FibTreeMinNodes.png, id=41, 1118.1775pt x 411.5375pt>
File: ./assets/FibTreeMinNodes.png Graphic file (type png)
<use ./assets/FibTreeMinNodes.png>
Package pdftex.def Info: ./assets/FibTreeMinNodes.png  used on input line 236.
(pdftex.def)             Requested size: 513.11745pt x 188.85742pt.
<./assets/FibTreeRotation.png, id=42, 2196.205pt x 981.6675pt>
File: ./assets/FibTreeRotation.png Graphic file (type png)
<use ./assets/FibTreeRotation.png>
Package pdftex.def Info: ./assets/FibTreeRotation.png  used on input line 252.
(pdftex.def)             Requested size: 513.11745pt x 229.34378pt.
<./assets/FibTreeDoubleRotation.png, id=43, 2250.4075pt x 1098.1025pt>
File: ./assets/FibTreeDoubleRotation.png Graphic file (type png)
<use ./assets/FibTreeDoubleRotation.png>
Package pdftex.def Info: ./assets/FibTreeDoubleRotation.png  used on input line
 254.
(pdftex.def)             Requested size: 513.11745pt x 250.38002pt.
 [7 <./assets/FibTreeMinNodes.png>] [8 <./assets/FibTreeRotation.png> <./assets
/FibTreeDoubleRotation.png>] [9]
<./assets/2-3Tree.png, id=57, 2083.785pt x 796.9775pt>
File: ./assets/2-3Tree.png Graphic file (type png)
<use ./assets/2-3Tree.png>
Package pdftex.def Info: ./assets/2-3Tree.png  used on input line 316.
(pdftex.def)             Requested size: 513.11745pt x 196.2523pt.

Underfull \hbox (badness 10000) in paragraph at lines 323--326

 []


Underfull \hbox (badness 10000) in paragraph at lines 323--326

 []


Underfull \hbox (badness 10000) in paragraph at lines 328--329

 []

<./assets/2-3TreeInsert.png, id=58, 2559.5625pt x 778.91pt>
File: ./assets/2-3TreeInsert.png Graphic file (type png)
<use ./assets/2-3TreeInsert.png>
Package pdftex.def Info: ./assets/2-3TreeInsert.png  used on input line 330.
(pdftex.def)             Requested size: 513.11745pt x 156.14767pt.
<./assets/RBTree.png, id=59, 2272.49pt x 831.105pt>
File: ./assets/RBTree.png Graphic file (type png)
<use ./assets/RBTree.png>
Package pdftex.def Info: ./assets/RBTree.png  used on input line 342.
(pdftex.def)             Requested size: 513.11745pt x 187.66267pt.
<./assets/2-3ToRBTree.png, id=60, 1941.2525pt x 505.89pt>
File: ./assets/2-3ToRBTree.png Graphic file (type png)
<use ./assets/2-3ToRBTree.png>
Package pdftex.def Info: ./assets/2-3ToRBTree.png  used on input line 347.
(pdftex.def)             Requested size: 513.11745pt x 133.72055pt.
[10 <./assets/2-3Tree.png> <./assets/2-3TreeInsert.png>] [11 <./assets/RBTree.p
ng> <./assets/2-3ToRBTree.png>]
<./assets/AATree.png, id=71, 2310.6325pt x 869.2475pt>
File: ./assets/AATree.png Graphic file (type png)
<use ./assets/AATree.png>
Package pdftex.def Info: ./assets/AATree.png  used on input line 367.
(pdftex.def)             Requested size: 513.11745pt x 193.02562pt.

Underfull \hbox (badness 10000) in paragraph at lines 367--370

 []

<./assets/AASkewSplit.png, id=72, 2511.3825pt x 865.2325pt>
File: ./assets/AASkewSplit.png Graphic file (type png)
<use ./assets/AASkewSplit.png>
Package pdftex.def Info: ./assets/AASkewSplit.png  used on input line 395.
(pdftex.def)             Requested size: 513.11745pt x 176.7797pt.
[12 <./assets/AATree.png>]
<./assets/InsertionAATree.png, id=77, 1963.335pt x 1128.215pt>
File: ./assets/InsertionAATree.png Graphic file (type png)
<use ./assets/InsertionAATree.png>
Package pdftex.def Info: ./assets/InsertionAATree.png  used on input line 410.
(pdftex.def)             Requested size: 513.11745pt x 294.86113pt.
 [13 <./assets/AASkewSplit.png> <./assets/InsertionAATree.png>]
<./assets/DeletionAATree.png, id=84, 2150.0325pt x 1063.975pt>
File: ./assets/DeletionAATree.png Graphic file (type png)
<use ./assets/DeletionAATree.png>
Package pdftex.def Info: ./assets/DeletionAATree.png  used on input line 443.
(pdftex.def)             Requested size: 513.11745pt x 253.9143pt.
 [14 <./assets/DeletionAATree.png>] [15]
<./assets/TreapInsertion.png, id=92, 2352.79pt x 722.7pt>
File: ./assets/TreapInsertion.png Graphic file (type png)
<use ./assets/TreapInsertion.png>
Package pdftex.def Info: ./assets/TreapInsertion.png  used on input line 472.
(pdftex.def)             Requested size: 513.11745pt x 157.60503pt.

Underfull \hbox (badness 10000) in paragraph at lines 470--474

 []

<./assets/TreapDeletion.png, id=93, 2346.7675pt x 883.3pt>
File: ./assets/TreapDeletion.png Graphic file (type png)
<use ./assets/TreapDeletion.png>
Package pdftex.def Info: ./assets/TreapDeletion.png  used on input line 479.
(pdftex.def)             Requested size: 513.11745pt x 193.12704pt.
[16 <./assets/TreapInsertion.png> <./assets/TreapDeletion.png>]
<./assets/SkipListSearch.png, id=99, 2298.5875pt x 762.85pt>
File: ./assets/SkipListSearch.png Graphic file (type png)
<use ./assets/SkipListSearch.png>
Package pdftex.def Info: ./assets/SkipListSearch.png  used on input line 491.
(pdftex.def)             Requested size: 513.11745pt x 170.28358pt.

Underfull \hbox (badness 10000) in paragraph at lines 490--504

 []


Underfull \hbox (badness 10000) in paragraph at lines 490--504

 []


Underfull \hbox (badness 10000) in paragraph at lines 490--504

 []


Underfull \hbox (badness 10000) in paragraph at lines 490--504

 []


Underfull \hbox (badness 10000) in paragraph at lines 490--504

 []


Underfull \hbox (badness 10000) in paragraph at lines 490--504

 []


Underfull \hbox (badness 10000) in paragraph at lines 490--504

 []


Underfull \hbox (badness 10000) in paragraph at lines 490--504

 []

[17 <./assets/SkipListSearch.png>]
Underfull \hbox (badness 10000) in paragraph at lines 511--512

 []

<./assets/SplayTreeZig.png, id=106, 2358.8125pt x 1025.8325pt>
File: ./assets/SplayTreeZig.png Graphic file (type png)
<use ./assets/SplayTreeZig.png>
Package pdftex.def Info: ./assets/SplayTreeZig.png  used on input line 525.
(pdftex.def)             Requested size: 513.11745pt x 223.14807pt.

Underfull \hbox (badness 10000) in paragraph at lines 525--529

 []


Underfull \hbox (badness 10000) in paragraph at lines 525--529

 []

<./assets/SplayInsert.png, id=107, 1877.0125pt x 871.255pt>
File: ./assets/SplayInsert.png Graphic file (type png)
<use ./assets/SplayInsert.png>
Package pdftex.def Info: ./assets/SplayInsert.png  used on input line 533.
(pdftex.def)             Requested size: 513.11745pt x 238.16673pt.
[18 <./assets/SplayTreeZig.png>]
<./assets/SplayDelete.png, id=112, 2252.415pt x 698.61pt>
File: ./assets/SplayDelete.png Graphic file (type png)
<use ./assets/SplayDelete.png>
Package pdftex.def Info: ./assets/SplayDelete.png  used on input line 540.
(pdftex.def)             Requested size: 513.11745pt x 159.14189pt.
 [19 <./assets/SplayInsert.png> <./assets/SplayDelete.png>]
Underfull \hbox (badness 10000) in paragraph at lines 552--553

 []


Underfull \hbox (badness 10000) in paragraph at lines 554--568

 []


Underfull \hbox (badness 10000) in paragraph at lines 581--582

 []

<./assets/BTreeRotations.png, id=119, 2250.4075pt x 889.3225pt>
File: ./assets/BTreeRotations.png Graphic file (type png)
<use ./assets/BTreeRotations.png>
Package pdftex.def Info: ./assets/BTreeRotations.png  used on input line 585.
(pdftex.def)             Requested size: 513.11745pt x 202.77577pt.
<./assets/BTreeNodeSplitting.png, id=120, 2425.06pt x 859.21pt>
File: ./assets/BTreeNodeSplitting.png Graphic file (type png)
<use ./assets/BTreeNodeSplitting.png>
Package pdftex.def Info: ./assets/BTreeNodeSplitting.png  used on input line 58
8.
(pdftex.def)             Requested size: 513.11745pt x 181.80292pt.

Underfull \hbox (badness 10000) in paragraph at lines 583--590

 []

[20]
Underfull \hbox (badness 10000) in paragraph at lines 592--593

 []


Underfull \hbox (badness 10000) in paragraph at lines 594--598

 []

<./assets/BtreeNodeMerge.png, id=125, 2123.935pt x 841.1425pt>
File: ./assets/BtreeNodeMerge.png Graphic file (type png)
<use ./assets/BtreeNodeMerge.png>
Package pdftex.def Info: ./assets/BtreeNodeMerge.png  used on input line 602.
(pdftex.def)             Requested size: 513.11745pt x 203.21313pt.
[21 <./assets/BTreeRotations.png> <./assets/BTreeNodeSplitting.png>]
<./assets/BTreeInsertion.png, id=131, 2507.3675pt x 1501.61pt>
File: ./assets/BTreeInsertion.png Graphic file (type png)
<use ./assets/BTreeInsertion.png>
Package pdftex.def Info: ./assets/BTreeInsertion.png  used on input line 612.
(pdftex.def)             Requested size: 513.11745pt x 307.28214pt.
 [22 <./assets/BtreeNodeMerge.png> <./assets/BTreeInsertion.png>]
<./assets/BTreeDeletion.png, id=137, 2549.525pt x 1519.6775pt>
File: ./assets/BTreeDeletion.png Graphic file (type png)
<use ./assets/BTreeDeletion.png>
Package pdftex.def Info: ./assets/BTreeDeletion.png  used on input line 619.
(pdftex.def)             Requested size: 513.11745pt x 305.83156pt.

Underfull \hbox (badness 10000) in paragraph at lines 619--628

 []

[23 <./assets/BTreeDeletion.png>]
Underfull \hbox (badness 10000) in paragraph at lines 630--634

 []


Underfull \hbox (badness 10000) in paragraph at lines 639--640

 []


Underfull \hbox (badness 10000) in paragraph at lines 659--660

 []


Underfull \hbox (badness 10000) in paragraph at lines 662--667

 []


Underfull \hbox (badness 10000) in paragraph at lines 686--688

 []

[24]
Underfull \hbox (badness 10000) in paragraph at lines 696--697

 []


Underfull \hbox (badness 10000) in paragraph at lines 716--717

 []

<./assets/HashProbe.png, id=146, 2591.6825pt x 1363.0925pt>
File: ./assets/HashProbe.png Graphic file (type png)
<use ./assets/HashProbe.png>
Package pdftex.def Info: ./assets/HashProbe.png  used on input line 723.
(pdftex.def)             Requested size: 513.11745pt x 269.8682pt.
<./assets/HashDeletion.png, id=147, 1937.2375pt x 923.45pt>
File: ./assets/HashDeletion.png Graphic file (type png)
<use ./assets/HashDeletion.png>
Package pdftex.def Info: ./assets/HashDeletion.png  used on input line 726.
(pdftex.def)             Requested size: 513.11745pt x 244.60036pt.

Underfull \hbox (badness 10000) in paragraph at lines 722--728

 []


Underfull \hbox (badness 10000) in paragraph at lines 722--728

 []

[25 <./assets/HashProbe.png>] [26 <./assets/HashDeletion.png>]
<./assets/ExtendedBST.png, id=157, 2575.6225pt x 917.4275pt>
File: ./assets/ExtendedBST.png Graphic file (type png)
<use ./assets/ExtendedBST.png>
Package pdftex.def Info: ./assets/ExtendedBST.png  used on input line 732.
(pdftex.def)             Requested size: 513.11745pt x 182.76831pt.

Underfull \hbox (badness 10000) in paragraph at lines 737--738

 []

<./assets/ExtendedBSTInsert.png, id=158, 1734.48pt x 638.385pt>
File: ./assets/ExtendedBSTInsert.png Graphic file (type png)
<use ./assets/ExtendedBSTInsert.png>
Package pdftex.def Info: ./assets/ExtendedBSTInsert.png  used on input line 746
.
(pdftex.def)             Requested size: 513.11745pt x 188.85768pt.
[27 <./assets/ExtendedBST.png> <./assets/ExtendedBSTInsert.png>]
Underfull \hbox (badness 10000) in paragraph at lines 752--753

 []

<./assets/ExtendedBSTDeletion.png, id=164, 1359.0775pt x 451.6875pt>
File: ./assets/ExtendedBSTDeletion.png Graphic file (type png)
<use ./assets/ExtendedBSTDeletion.png>
Package pdftex.def Info: ./assets/ExtendedBSTDeletion.png  used on input line 7
54.
(pdftex.def)             Requested size: 513.11745pt x 170.53339pt.

Underfull \hbox (badness 10000) in paragraph at lines 763--764

 []


Underfull \hbox (badness 10000) in paragraph at lines 778--780

 []


Underfull \hbox (badness 10000) in paragraph at lines 778--780

 []


Underfull \hbox (badness 10000) in paragraph at lines 778--780

 []

[28 <./assets/ExtendedBSTDeletion.png>]
Underfull \hbox (badness 10000) in paragraph at lines 785--786

 []

<./assets/ScapegoatInsertion.png, id=169, 2565.585pt x 1067.99pt>
File: ./assets/ScapegoatInsertion.png Graphic file (type png)
<use ./assets/ScapegoatInsertion.png>
Package pdftex.def Info: ./assets/ScapegoatInsertion.png  used on input line 78
7.
(pdftex.def)             Requested size: 513.11745pt x 213.59422pt.

Underfull \hbox (badness 10000) in paragraph at lines 792--793

 []

[29 <./assets/ScapegoatInsertion.png>]
<./assets/GeometricQueries.png, id=174, 2607.7425pt x 867.24pt>
File: ./assets/GeometricQueries.png Graphic file (type png)
<use ./assets/GeometricQueries.png>
Package pdftex.def Info: ./assets/GeometricQueries.png  used on input line 811.

(pdftex.def)             Requested size: 513.11745pt x 170.63953pt.

Underfull \hbox (badness 10000) in paragraph at lines 805--813

 []

[30 <./assets/GeometricQueries.png>]
<./assets/PointQuadtree.png, id=179, 2001.4775pt x 941.5175pt>
File: ./assets/PointQuadtree.png Graphic file (type png)
<use ./assets/PointQuadtree.png>
Package pdftex.def Info: ./assets/PointQuadtree.png  used on input line 831.
(pdftex.def)             Requested size: 513.11745pt x 241.36958pt.
<./assets/PointKDTree.png, id=180, 895.345pt x 467.7475pt>
File: ./assets/PointKDTree.png Graphic file (type png)
<use ./assets/PointKDTree.png>
Package pdftex.def Info: ./assets/PointKDTree.png  used on input line 851.
(pdftex.def)             Requested size: 513.11745pt x 268.06769pt.
 [31 <./assets/PointQuadtree.png>]
<./assets/KDInsertion.png, id=186, 937.5025pt x 351.3125pt>
File: ./assets/KDInsertion.png Graphic file (type png)
<use ./assets/KDInsertion.png>
Package pdftex.def Info: ./assets/KDInsertion.png  used on input line 862.
(pdftex.def)             Requested size: 513.11745pt x 192.27899pt.
 [32 <./assets/PointKDTree.png> <./assets/KDInsertion.png>]
<./assets/KDTreeFindMin.png, id=192, 1043.9pt x 411.5375pt>
File: ./assets/KDTreeFindMin.png Graphic file (type png)
<use ./assets/KDTreeFindMin.png>
Package pdftex.def Info: ./assets/KDTreeFindMin.png  used on input line 883.
(pdftex.def)             Requested size: 513.11745pt x 202.28937pt.
 [33 <./assets/KDTreeFindMin.png>]
<./assets/KDTreeDeletion.png, id=197, 1047.915pt x 712.6625pt>
File: ./assets/KDTreeDeletion.png Graphic file (type png)
<use ./assets/KDTreeDeletion.png>
Package pdftex.def Info: ./assets/KDTreeDeletion.png  used on input line 903.
(pdftex.def)             Requested size: 513.11745pt x 348.96844pt.
 [34 <./assets/KDTreeDeletion.png>]
Underfull \hbox (badness 10000) in paragraph at lines 905--912

 []

<./assets/RangeQueriesMethods.png, id=202, 943.525pt x 224.84pt>
File: ./assets/RangeQueriesMethods.png Graphic file (type png)
<use ./assets/RangeQueriesMethods.png>
Package pdftex.def Info: ./assets/RangeQueriesMethods.png  used on input line 9
23.
(pdftex.def)             Requested size: 513.11745pt x 122.27634pt.
[35 <./assets/RangeQueriesMethods.png>]
<./assets/RangeQueriesLeftPart.png, id=207, 650.43pt x 303.1325pt>
File: ./assets/RangeQueriesLeftPart.png Graphic file (type png)
<use ./assets/RangeQueriesLeftPart.png>
Package pdftex.def Info: ./assets/RangeQueriesLeftPart.png  used on input line 
926.
(pdftex.def)             Requested size: 513.11745pt x 239.15752pt.
<./assets/RangeCount.png, id=208, 921.4425pt x 329.23pt>
File: ./assets/RangeCount.png Graphic file (type png)
<use ./assets/RangeCount.png>
Package pdftex.def Info: ./assets/RangeCount.png  used on input line 935.
(pdftex.def)             Requested size: 513.11745pt x 183.33266pt.
 [36 <./assets/RangeQueriesLeftPart.png> <./assets/RangeCount.png>]
<./assets/RangeSearchExample.png, id=214, 1013.7875pt x 439.6425pt>
File: ./assets/RangeSearchExample.png Graphic file (type png)
<use ./assets/RangeSearchExample.png>
Package pdftex.def Info: ./assets/RangeSearchExample.png  used on input line 95
1.
(pdftex.def)             Requested size: 513.11745pt x 222.52419pt.
<./assets/RangeQueryProof.png, id=215, 1019.81pt x 301.125pt>
File: ./assets/RangeQueryProof.png Graphic file (type png)
<use ./assets/RangeQueryProof.png>
Package pdftex.def Info: ./assets/RangeQueryProof.png  used on input line 962.
(pdftex.def)             Requested size: 513.11745pt x 151.51784pt.
 [37 <./assets/RangeSearchExample.png>]
<./assets/NearestNeighborExample.png, id=221, 716.6775pt x 397.485pt>
File: ./assets/NearestNeighborExample.png Graphic file (type png)
<use ./assets/NearestNeighborExample.png>
Package pdftex.def Info: ./assets/NearestNeighborExample.png  used on input lin
e 968.
(pdftex.def)             Requested size: 513.11745pt x 284.60597pt.
 [38 <./assets/RangeQueryProof.png> <./assets/NearestNeighborExample.png>] [39]
<./assets/MemoryAllocation.png, id=230, 1001.7425pt x 377.41pt>
File: ./assets/MemoryAllocation.png Graphic file (type png)
<use ./assets/MemoryAllocation.png>
Package pdftex.def Info: ./assets/MemoryAllocation.png  used on input line 1028
.
(pdftex.def)             Requested size: 513.11745pt x 193.32884pt.

Underfull \hbox (badness 10000) in paragraph at lines 1023--1029

 []


Underfull \hbox (badness 10000) in paragraph at lines 1023--1029

 []

[40 <./assets/MemoryAllocation.png>] [41]
<./assets/MemoryDeallocation.png, id=238, 927.465pt x 584.1825pt>
File: ./assets/MemoryDeallocation.png Graphic file (type png)
<use ./assets/MemoryDeallocation.png>
Package pdftex.def Info: ./assets/MemoryDeallocation.png  used on input line 10
79.
(pdftex.def)             Requested size: 513.11745pt x 323.20001pt.

Underfull \hbox (badness 10000) in paragraph at lines 1079--1083

 []

[42]
<./assets/BuddySystem.png, id=242, 533.995pt x 377.41pt>
File: ./assets/BuddySystem.png Graphic file (type png)
<use ./assets/BuddySystem.png>
Package pdftex.def Info: ./assets/BuddySystem.png  used on input line 1087.
(pdftex.def)             Requested size: 513.11745pt x 362.68956pt.
 [43 <./assets/MemoryDeallocation.png>]
<./assets/BuddySystemInsertion.png, id=248, 907.39pt x 509.905pt>
File: ./assets/BuddySystemInsertion.png Graphic file (type png)
<use ./assets/BuddySystemInsertion.png>
Package pdftex.def Info: ./assets/BuddySystemInsertion.png  used on input line 
1101.
(pdftex.def)             Requested size: 513.11745pt x 288.34583pt.
<./assets/BuddySystemDeletion.png, id=249, 893.3375pt x 580.1675pt>
File: ./assets/BuddySystemDeletion.png Graphic file (type png)
<use ./assets/BuddySystemDeletion.png>
Package pdftex.def Info: ./assets/BuddySystemDeletion.png  used on input line 1
103.
(pdftex.def)             Requested size: 513.11745pt x 333.23961pt.
 [44 <./assets/BuddySystem.png>]
[45 <./assets/BuddySystemInsertion.png> <./assets/BuddySystemDeletion.png>]
(./Notes.aux) ) 
Here is how much of TeX's memory you used:
 5529 strings out of 492616
 81704 string characters out of 6129482
 383144 words of memory out of 5000000
 9335 multiletter control sequences out of 15000+600000
 9835 words of font info for 36 fonts, out of 8000000 for 9000
 1141 hyphenation exceptions out of 8191
 41i,7n,40p,649b,1618s stack positions out of 5000i,500n,10000p,200000b,80000s
</usr/local/texlive/2019/texmf-dist/fonts/type1/public/amsfonts/
cm/cmbx10.pfb></usr/local/texlive/2019/texmf-dist/fonts/type1/public/amsfonts/c
m/cmbx12.pfb></usr/local/texlive/2019/texmf-dist/fonts/type1/public/amsfonts/cm
/cmex10.pfb></usr/local/texlive/2019/texmf-dist/fonts/type1/public/amsfonts/cm/
cmmi10.pfb></usr/local/texlive/2019/texmf-dist/fonts/type1/public/amsfonts/cm/c
mmi5.pfb></usr/local/texlive/2019/texmf-dist/fonts/type1/public/amsfonts/cm/cmm
i7.pfb></usr/local/texlive/2019/texmf-dist/fonts/type1/public/amsfonts/cm/cmr10
.pfb></usr/local/texlive/2019/texmf-dist/fonts/type1/public/amsfonts/cm/cmr12.p
fb></usr/local/texlive/2019/texmf-dist/fonts/type1/public/amsfonts/cm/cmr17.pfb
></usr/local/texlive/2019/texmf-dist/fonts/type1/public/amsfonts/cm/cmr5.pfb></
usr/local/texlive/2019/texmf-dist/fonts/type1/public/amsfonts/cm/cmr7.pfb></usr
/local/texlive/2019/texmf-dist/fonts/type1/public/amsfonts/cm/cmsy10.pfb></usr/
local/texlive/2019/texmf-dist/fonts/type1/public/amsfonts/cm/cmsy7.pfb></usr/lo
cal/texlive/2019/texmf-dist/fonts/type1/public/amsfonts/cm/cmti10.pfb></usr/loc
al/texlive/2019/texmf-dist/fonts/type1/public/amsfonts/cm/cmtt9.pfb>
Output written on Notes.pdf (45 pages, 4916746 bytes).
PDF statistics:
 310 PDF objects out of 1000 (max. 8388607)
 148 compressed objects within 2 object streams
 0 named destinations out of 1000 (max. 500000)
 246 words of extra memory for PDF output out of 10000 (max. 10000000)

